This file contains any messages produced by compilers while
running configure, to aid debugging if configure makes a mistake.

It was created by celibero configure 3, which was
generated by GNU Autoconf 2.61.  Invocation command line was

  $ ./configure --enable-cpu=000006s2osrososs000006s2osrososs --enable-mac=000003037062008197

## --------- ##
## Platform. ##
## --------- ##

hostname = crush.warehouse
uname -m = i686
uname -r = 2.6.27.12-170.2.5.fc10.i686
uname -s = Linux
uname -v = #1 SMP Wed Jan 21 02:09:37 EST 2009

/usr/bin/uname -p = unknown
/bin/uname -X     = unknown

/bin/arch              = i686
/usr/bin/arch -k       = unknown
/usr/convex/getsysinfo = unknown
/usr/bin/hostinfo      = unknown
/bin/machine           = unknown
/usr/bin/oslevel       = unknown
/bin/universe          = unknown

PATH: /usr/lib/qt-3.3/bin
PATH: /usr/kerberos/bin
PATH: /usr/local/bin
PATH: /usr/bin
PATH: /bin
PATH: /usr/local/sbin
PATH: /usr/sbin
PATH: /sbin
PATH: /home/tom/bin


## ----------- ##
## Core tests. ##
## ----------- ##

configure:1753: checking for a BSD-compatible install
configure:1809: result: /usr/bin/install -c
configure:1820: checking whether build environment is sane
configure:1863: result: yes
configure:1891: checking for a thread-safe mkdir -p
configure:1930: result: /bin/mkdir -p
configure:1943: checking for gawk
configure:1959: found /usr/bin/gawk
configure:1970: result: gawk
configure:1981: checking whether make sets $(MAKE)
configure:2002: result: yes
configure:2198: checking build system type
configure:2216: result: i686-pc-linux-gnu
configure:2238: checking host system type
configure:2253: result: i686-pc-linux-gnu
configure:2324: checking for gcc
configure:2340: found /usr/bin/gcc
configure:2351: result: gcc
configure:2589: checking for C compiler version
configure:2596: gcc --version >&5
gcc (GCC) 4.3.2 20081105 (Red Hat 4.3.2-7)
Copyright (C) 2008 Free Software Foundation, Inc.
This is free software; see the source for copying conditions.  There is NO
warranty; not even for MERCHANTABILITY or FITNESS FOR A PARTICULAR PURPOSE.

configure:2599: $? = 0
configure:2606: gcc -v >&5
Using built-in specs.
Target: i386-redhat-linux
Configured with: ../configure --prefix=/usr --mandir=/usr/share/man --infodir=/usr/share/info --with-bugurl=http://bugzilla.redhat.com/bugzilla --enable-bootstrap --enable-shared --enable-threads=posix --enable-checking=release --with-system-zlib --enable-__cxa_atexit --disable-libunwind-exceptions --enable-languages=c,c++,objc,obj-c++,java,fortran,ada --enable-java-awt=gtk --disable-dssi --enable-plugin --with-java-home=/usr/lib/jvm/java-1.5.0-gcj-1.5.0.0/jre --enable-libgcj-multifile --enable-java-maintainer-mode --with-ecj-jar=/usr/share/java/eclipse-ecj.jar --disable-libjava-multilib --with-cpu=generic --build=i386-redhat-linux
Thread model: posix
gcc version 4.3.2 20081105 (Red Hat 4.3.2-7) (GCC) 
configure:2609: $? = 0
configure:2616: gcc -V >&5
gcc: '-V' option must have argument
configure:2619: $? = 1
configure:2642: checking for C compiler default output file name
configure:2669: gcc    conftest.c  >&5
configure:2672: $? = 0
configure:2710: result: a.out
configure:2727: checking whether the C compiler works
configure:2737: ./a.out
configure:2740: $? = 0
configure:2757: result: yes
configure:2764: checking whether we are cross compiling
configure:2766: result: no
configure:2769: checking for suffix of executables
configure:2776: gcc -o conftest    conftest.c  >&5
configure:2779: $? = 0
configure:2803: result: 
configure:2809: checking for suffix of object files
configure:2835: gcc -c   conftest.c >&5
configure:2838: $? = 0
configure:2861: result: o
configure:2865: checking whether we are using the GNU C compiler
configure:2894: gcc -c   conftest.c >&5
configure:2900: $? = 0
configure:2917: result: yes
configure:2922: checking whether gcc accepts -g
configure:2952: gcc -c -g  conftest.c >&5
configure:2958: $? = 0
configure:3057: result: yes
configure:3074: checking for gcc option to accept ISO C89
configure:3148: gcc  -c -g -O2  conftest.c >&5
configure:3154: $? = 0
configure:3177: result: none needed
configure:3206: checking for style of include used by make
configure:3234: result: GNU
configure:3259: checking dependency style of gcc
configure:3350: result: none
configure:3483: gcc -o conftest    conftest.c  >&5
configure:3486: $? = 0
configure:3492: ./conftest
configure:3495: $? = 0
configure:3497: result: yes
configure:3604: checking for inet_addr in -lnsl
configure:3639: gcc -o conftest    conftest.c -lnsl   >&5
configure:3645: $? = 0
configure:3663: result: yes
configure:3675: checking for connect in -lsocket
configure:3710: gcc -o conftest    conftest.c -lsocket  -lnsl  >&5
/usr/bin/ld: cannot find -lsocket
collect2: ld returned 1 exit status
configure:3716: $? = 1
configure: failed program was:
| /* confdefs.h.  */
| #define PACKAGE_NAME "celibero"
| #define PACKAGE_TARNAME "celibero"
| #define PACKAGE_VERSION "3"
| #define PACKAGE_STRING "celibero 3"
| #define PACKAGE_BUGREPORT ""
| #define PACKAGE "celibero"
| #define VERSION "3"
| #define CELIBERODIR "/home/celibero"
| #define CELIBEROUID 502
| #define CELIBEROGID 502
| #define SOCK_FILE "/home/celibero/etc/celibero.sock"
| #define CPUID "000006s2osrososs000006s2osrososs"
| #define MACID "000003037062008197"
| #define HAVE_LIBNSL 1
| /* end confdefs.h.  */
| 
| /* Override any GCC internal prototype to avoid an error.
|    Use char because int might match the return type of a GCC
|    builtin and then its argument prototype would still apply.  */
| #ifdef __cplusplus
| extern "C"
| #endif
| char connect ();
| int
| main ()
| {
| return connect ();
|   ;
|   return 0;
| }
configure:3734: result: no
configure:3862: creating ./config.status

## ---------------------- ##
## Running config.status. ##
## ---------------------- ##

This file was extended by celibero config.status 3, which was
generated by GNU Autoconf 2.61.  Invocation command line was

  CONFIG_FILES    = 
  CONFIG_HEADERS  = 
  CONFIG_LINKS    = 
  CONFIG_COMMANDS = 
  $ ./config.status 

on crush.warehouse

config.status:648: creating Makefile
config.status:648: creating src/Makefile
config.status:648: creating config.h
config.status:917: executing depfiles commands

## ---------------- ##
## Cache variables. ##
## ---------------- ##

ac_cv_build=i686-pc-linux-gnu
ac_cv_c_compiler_gnu=yes
ac_cv_env_CC_set=
ac_cv_env_CC_value=
ac_cv_env_CFLAGS_set=
ac_cv_env_CFLAGS_value=
ac_cv_env_CPPFLAGS_set=
ac_cv_env_CPPFLAGS_value=
ac_cv_env_LDFLAGS_set=
ac_cv_env_LDFLAGS_value=
ac_cv_env_LIBS_set=
ac_cv_env_LIBS_value=
ac_cv_env_build_alias_set=
ac_cv_env_build_alias_value=
ac_cv_env_host_alias_set=
ac_cv_env_host_alias_value=
ac_cv_env_target_alias_set=
ac_cv_env_target_alias_value=
ac_cv_host=i686-pc-linux-gnu
ac_cv_lib_nsl_inet_addr=yes
ac_cv_lib_socket_connect=no
ac_cv_objext=o
ac_cv_path_install='/usr/bin/install -c'
ac_cv_path_mkdir=/bin/mkdir
ac_cv_prog_AWK=gawk
ac_cv_prog_ac_ct_CC=gcc
ac_cv_prog_cc_c89=
ac_cv_prog_cc_g=yes
ac_cv_prog_make_make_set=yes
am_cv_CC_dependencies_compiler_type=none

## ----------------- ##
## Output variables. ##
## ----------------- ##

ACLOCAL='${SHELL} /www/celibero/trunk/no-web/celiberod/src.new/missing --run aclocal-1.10'
AMDEPBACKSLASH='\'
AMDEP_FALSE='#'
AMDEP_TRUE=''
AMTAR='${SHELL} /www/celibero/trunk/no-web/celiberod/src.new/missing --run tar'
AUTOCONF='${SHELL} /www/celibero/trunk/no-web/celiberod/src.new/missing --run autoconf'
AUTOHEADER='${SHELL} /www/celibero/trunk/no-web/celiberod/src.new/missing --run autoheader'
AUTOMAKE='${SHELL} /www/celibero/trunk/no-web/celiberod/src.new/missing --run automake-1.10'
AWK='gawk'
CC='gcc'
CCDEPMODE='depmode=none'
CFLAGS=''
CPPFLAGS=''
CYGPATH_W='echo'
DEFS='-DHAVE_CONFIG_H'
DEPDIR='.deps'
ECHO_C=''
ECHO_N='-n'
ECHO_T=''
EXEEXT=''
INSTALL_DATA='${INSTALL} -m 644'
INSTALL_PROGRAM='${INSTALL}'
INSTALL_SCRIPT='${INSTALL}'
INSTALL_STRIP_PROGRAM='$(install_sh) -c -s'
LDFLAGS=''
LIBOBJS=''
LIBS='-lnsl '
LTLIBOBJS=''
MAKEINFO='${SHELL} /www/celibero/trunk/no-web/celiberod/src.new/missing --run makeinfo'
OBJEXT='o'
PACKAGE='celibero'
PACKAGE_BUGREPORT=''
PACKAGE_NAME='celibero'
PACKAGE_STRING='celibero 3'
PACKAGE_TARNAME='celibero'
PACKAGE_VERSION='3'
PATH_SEPARATOR=':'
SET_MAKE=''
SHELL='/bin/sh'
STRIP=''
VERSION='3'
ac_ct_CC='gcc'
am__fastdepCC_FALSE=''
am__fastdepCC_TRUE='#'
am__include='include'
am__isrc=''
am__leading_dot='.'
am__quote=''
am__tar='${AMTAR} chof - "$$tardir"'
am__untar='${AMTAR} xf -'
auth_flags=''
auth_inc='-I/usr/include/mysql'
auth_libs='-L/usr/lib/mysql -lmysqlclient'
bindir='${exec_prefix}/bin'
build='i686-pc-linux-gnu'
build_alias=''
build_cpu='i686'
build_os='linux-gnu'
build_vendor='pc'
celiberodir='/home/celibero'
celiberogid='502'
celiberouid='502'
datadir='${datarootdir}'
datarootdir='${prefix}/share'
docdir='${datarootdir}/doc/${PACKAGE_TARNAME}'
dvidir='${docdir}'
exec_prefix='${prefix}'
host='i686-pc-linux-gnu'
host_alias=''
host_cpu='i686'
host_os='linux-gnu'
host_vendor='pc'
htmldir='${docdir}'
includedir='${prefix}/include'
infodir='${datarootdir}/info'
install_sh='$(SHELL) /www/celibero/trunk/no-web/celiberod/src.new/install-sh'
libdir='/usr/lib/mysql'
libexecdir='${exec_prefix}/libexec'
localedir='${datarootdir}/locale'
localstatedir='${prefix}/var'
mandir='${datarootdir}/man'
mkdir_p='/bin/mkdir -p'
oldincludedir='/usr/include'
pdfdir='${docdir}'
prefix='/usr/local'
program_transform_name='s,x,x,'
psdir='${docdir}'
sbindir='${exec_prefix}/sbin'
sharedstatedir='${prefix}/com'
sysconfdir='${prefix}/etc'
target_alias=''
use_mysql='yes'

## ----------- ##
## confdefs.h. ##
## ----------- ##

#define PACKAGE_NAME "celibero"
#define PACKAGE_TARNAME "celibero"
#define PACKAGE_VERSION "3"
#define PACKAGE_STRING "celibero 3"
#define PACKAGE_BUGREPORT ""
#define PACKAGE "celibero"
#define VERSION "3"
#define CELIBERODIR "/home/celibero"
#define CELIBEROUID 502
#define CELIBEROGID 502
#define SOCK_FILE "/home/celibero/etc/celibero.sock"
#define CPUID "000006s2osrososs000006s2osrososs"
#define MACID "000003037062008197"
#define HAVE_LIBNSL 1

configure: exit 0

## ---------------------- ##
## Running config.status. ##
## ---------------------- ##

This file was extended by celibero config.status 3, which was
generated by GNU Autoconf 2.61.  Invocation command line was

  CONFIG_FILES    = 
  CONFIG_HEADERS  = 
  CONFIG_LINKS    = 
  CONFIG_COMMANDS = 
  $ ./config.status config.h

on crush.warehouse

config.status:648: creating config.h
config.status:871: config.h is unchanged
